..\Dll\ZigBee.pdb
C:\USERS\UPAL\DESKTOP\PROJECTS_9.1_32 BITS\DYNAMIC CLUSTERING\DLL\LIBZIGBEE.DLL
C:\Users\Upal\Desktop\Projects_9.1_32 bits\Dynamic Clustering\Dll\ZigBee.exp
C:\Users\Upal\Desktop\Projects_9.1_32 bits\Dynamic Clustering\Dll\ZigBee.lib
C:\USERS\UPAL\DESKTOP\PROJECTS_9.1_32 BITS\DYNAMIC CLUSTERING\DLL\ZIGBEE.PDB
C:\USERS\UPAL\DESKTOP\PROJECTS_9.1_32 BITS\DYNAMIC CLUSTERING\ZIGBEE\DEBUG\802_15_4.OBJ
C:\USERS\UPAL\DESKTOP\PROJECTS_9.1_32 BITS\DYNAMIC CLUSTERING\ZIGBEE\DEBUG\AGENTMODEL.OBJ
C:\USERS\UPAL\DESKTOP\PROJECTS_9.1_32 BITS\DYNAMIC CLUSTERING\ZIGBEE\DEBUG\BACKOFFCALCULATION.OBJ
C:\USERS\UPAL\DESKTOP\PROJECTS_9.1_32 BITS\DYNAMIC CLUSTERING\ZIGBEE\DEBUG\BERCALCULATION.OBJ
C:\USERS\UPAL\DESKTOP\PROJECTS_9.1_32 BITS\DYNAMIC CLUSTERING\ZIGBEE\DEBUG\CCA.OBJ
C:\USERS\UPAL\DESKTOP\PROJECTS_9.1_32 BITS\DYNAMIC CLUSTERING\ZIGBEE\DEBUG\CHANGERADIOSTATE.OBJ
C:\Users\Upal\Desktop\Projects_9.1_32 bits\Dynamic Clustering\ZigBee\Debug\cl.command.1.tlog
C:\Users\Upal\Desktop\Projects_9.1_32 bits\Dynamic Clustering\ZigBee\Debug\CL.read.1.tlog
C:\Users\Upal\Desktop\Projects_9.1_32 bits\Dynamic Clustering\ZigBee\Debug\CL.write.1.tlog
C:\USERS\UPAL\DESKTOP\PROJECTS_9.1_32 BITS\DYNAMIC CLUSTERING\ZIGBEE\DEBUG\ERRORPATHLOSS.OBJ
C:\Users\Upal\Desktop\Projects_9.1_32 bits\Dynamic Clustering\ZigBee\Debug\link.3288.read.1.tlog
C:\Users\Upal\Desktop\Projects_9.1_32 bits\Dynamic Clustering\ZigBee\Debug\link.3288.write.1.tlog
C:\Users\Upal\Desktop\Projects_9.1_32 bits\Dynamic Clustering\ZigBee\Debug\link.command.1.tlog
C:\Users\Upal\Desktop\Projects_9.1_32 bits\Dynamic Clustering\ZigBee\Debug\link.read.1.tlog
C:\Users\Upal\Desktop\Projects_9.1_32 bits\Dynamic Clustering\ZigBee\Debug\link.write.1.tlog
C:\USERS\UPAL\DESKTOP\PROJECTS_9.1_32 BITS\DYNAMIC CLUSTERING\ZIGBEE\DEBUG\LOCATEBACKOFFBOUNDARY.OBJ
C:\Users\Upal\Desktop\Projects_9.1_32 bits\Dynamic Clustering\ZigBee\Debug\mt.command.1.tlog
C:\Users\Upal\Desktop\Projects_9.1_32 bits\Dynamic Clustering\ZigBee\Debug\mt.read.1.tlog
C:\Users\Upal\Desktop\Projects_9.1_32 bits\Dynamic Clustering\ZigBee\Debug\mt.write.1.tlog
C:\USERS\UPAL\DESKTOP\PROJECTS_9.1_32 BITS\DYNAMIC CLUSTERING\ZIGBEE\DEBUG\RECEIVEDPOWER.OBJ
C:\USERS\UPAL\DESKTOP\PROJECTS_9.1_32 BITS\DYNAMIC CLUSTERING\ZIGBEE\DEBUG\SENSOR.OBJ
C:\USERS\UPAL\DESKTOP\PROJECTS_9.1_32 BITS\DYNAMIC CLUSTERING\ZIGBEE\DEBUG\SHADOWLOSS.OBJ
C:\USERS\UPAL\DESKTOP\PROJECTS_9.1_32 BITS\DYNAMIC CLUSTERING\ZIGBEE\DEBUG\SINRCALCULATION.OBJ
C:\USERS\UPAL\DESKTOP\PROJECTS_9.1_32 BITS\DYNAMIC CLUSTERING\ZIGBEE\DEBUG\SLOTTEDCSMACA.OBJ
C:\USERS\UPAL\DESKTOP\PROJECTS_9.1_32 BITS\DYNAMIC CLUSTERING\ZIGBEE\DEBUG\SUPERFRAME.OBJ
C:\USERS\UPAL\DESKTOP\PROJECTS_9.1_32 BITS\DYNAMIC CLUSTERING\ZIGBEE\DEBUG\UNSLOTTEDCSMACA.OBJ
C:\Users\Upal\Desktop\Projects_9.1_32 bits\Dynamic Clustering\ZigBee\Debug\vc100.idb
C:\USERS\UPAL\DESKTOP\PROJECTS_9.1_32 BITS\DYNAMIC CLUSTERING\ZIGBEE\DEBUG\VC100.PDB
C:\USERS\UPAL\DESKTOP\PROJECTS_9.1_32 BITS\DYNAMIC CLUSTERING\ZIGBEE\DEBUG\ZIGBEE.DLL.INTERMEDIATE.MANIFEST
C:\Users\Upal\Desktop\Projects_9.1_32 bits\Dynamic Clustering\ZigBee\Debug\ZigBee.vcxprojResolveAssemblyReference.cache
C:\Users\Upal\Desktop\Projects_9.1_32 bits\Dynamic Clustering\ZigBee\Debug\ZigBee.write.1.tlog
