..\Dll\DSR.pdb
C:\Users\Upal\Desktop\Projects_9.1_32 bits\Dynamic Clustering\Dll\DSR.exp
C:\Users\Upal\Desktop\Projects_9.1_32 bits\Dynamic Clustering\Dll\DSR.lib
C:\USERS\UPAL\DESKTOP\PROJECTS_9.1_32 BITS\DYNAMIC CLUSTERING\DLL\DSR.PDB
C:\USERS\UPAL\DESKTOP\PROJECTS_9.1_32 BITS\DYNAMIC CLUSTERING\DLL\LIBDSR.DLL
C:\USERS\UPAL\DESKTOP\PROJECTS_9.1_32 BITS\DYNAMIC CLUSTERING\DSR\DEBUG\CHECKROUTEFOUND.OBJ
C:\USERS\UPAL\DESKTOP\PROJECTS_9.1_32 BITS\DYNAMIC CLUSTERING\DSR\DEBUG\DSR.DLL.INTERMEDIATE.MANIFEST
C:\USERS\UPAL\DESKTOP\PROJECTS_9.1_32 BITS\DYNAMIC CLUSTERING\DSR\DEBUG\DSR.OBJ
C:\USERS\UPAL\DESKTOP\PROJECTS_9.1_32 BITS\DYNAMIC CLUSTERING\DSR\DEBUG\DYNAMIC_CLUSTERING.OBJ
C:\USERS\UPAL\DESKTOP\PROJECTS_9.1_32 BITS\DYNAMIC CLUSTERING\DSR\DEBUG\MAINTBUFFER.OBJ
C:\USERS\UPAL\DESKTOP\PROJECTS_9.1_32 BITS\DYNAMIC CLUSTERING\DSR\DEBUG\MATLAB_INTERFACE.OBJ
C:\USERS\UPAL\DESKTOP\PROJECTS_9.1_32 BITS\DYNAMIC CLUSTERING\DSR\DEBUG\NETWORK_LAYER_ACK.OBJ
C:\USERS\UPAL\DESKTOP\PROJECTS_9.1_32 BITS\DYNAMIC CLUSTERING\DSR\DEBUG\PACKETPROCESSING.OBJ
C:\USERS\UPAL\DESKTOP\PROJECTS_9.1_32 BITS\DYNAMIC CLUSTERING\DSR\DEBUG\ROUTECACHE.OBJ
C:\USERS\UPAL\DESKTOP\PROJECTS_9.1_32 BITS\DYNAMIC CLUSTERING\DSR\DEBUG\ROUTEERROR.OBJ
C:\USERS\UPAL\DESKTOP\PROJECTS_9.1_32 BITS\DYNAMIC CLUSTERING\DSR\DEBUG\ROUTEREPLY.OBJ
C:\USERS\UPAL\DESKTOP\PROJECTS_9.1_32 BITS\DYNAMIC CLUSTERING\DSR\DEBUG\ROUTEREQUEST.OBJ
C:\USERS\UPAL\DESKTOP\PROJECTS_9.1_32 BITS\DYNAMIC CLUSTERING\DSR\DEBUG\SENDBUFFER.OBJ
C:\USERS\UPAL\DESKTOP\PROJECTS_9.1_32 BITS\DYNAMIC CLUSTERING\DSR\DEBUG\SOURCEROUTE.OBJ
C:\USERS\UPAL\DESKTOP\PROJECTS_9.1_32 BITS\DYNAMIC CLUSTERING\DSR\DEBUG\VC100.PDB
F:\DEC 2016\Projects_9.1_32 bits\Dynamic Clustering\DSR\Debug\CheckRouteFound.obj
F:\DEC 2016\Projects_9.1_32 bits\Dynamic Clustering\DSR\Debug\cl.command.1.tlog
F:\DEC 2016\Projects_9.1_32 bits\Dynamic Clustering\DSR\Debug\CL.read.1.tlog
F:\DEC 2016\Projects_9.1_32 bits\Dynamic Clustering\DSR\Debug\CL.write.1.tlog
F:\DEC 2016\Projects_9.1_32 bits\Dynamic Clustering\DSR\Debug\DSR.dll.intermediate.manifest
F:\DEC 2016\Projects_9.1_32 bits\Dynamic Clustering\DSR\Debug\DSR.obj
F:\DEC 2016\Projects_9.1_32 bits\Dynamic Clustering\DSR\Debug\DSR.vcxprojResolveAssemblyReference.cache
F:\DEC 2016\Projects_9.1_32 bits\Dynamic Clustering\DSR\Debug\DSR.write.1.tlog
F:\DEC 2016\Projects_9.1_32 bits\Dynamic Clustering\DSR\Debug\Dynamic_Clustering.obj
F:\DEC 2016\Projects_9.1_32 bits\Dynamic Clustering\DSR\Debug\link.1128.read.1.tlog
F:\DEC 2016\Projects_9.1_32 bits\Dynamic Clustering\DSR\Debug\link.1128.write.1.tlog
F:\DEC 2016\Projects_9.1_32 bits\Dynamic Clustering\DSR\Debug\link.command.1.tlog
F:\DEC 2016\Projects_9.1_32 bits\Dynamic Clustering\DSR\Debug\link.read.1.tlog
F:\DEC 2016\Projects_9.1_32 bits\Dynamic Clustering\DSR\Debug\link.write.1.tlog
F:\DEC 2016\Projects_9.1_32 bits\Dynamic Clustering\DSR\Debug\MaintBuffer.obj
F:\DEC 2016\Projects_9.1_32 bits\Dynamic Clustering\DSR\Debug\MATLAB_Interface.obj
F:\DEC 2016\Projects_9.1_32 bits\Dynamic Clustering\DSR\Debug\mt.command.1.tlog
F:\DEC 2016\Projects_9.1_32 bits\Dynamic Clustering\DSR\Debug\mt.read.1.tlog
F:\DEC 2016\Projects_9.1_32 bits\Dynamic Clustering\DSR\Debug\mt.write.1.tlog
F:\DEC 2016\Projects_9.1_32 bits\Dynamic Clustering\DSR\Debug\Network_Layer_Ack.obj
F:\DEC 2016\Projects_9.1_32 bits\Dynamic Clustering\DSR\Debug\PacketProcessing.obj
F:\DEC 2016\Projects_9.1_32 bits\Dynamic Clustering\DSR\Debug\RouteCache.obj
F:\DEC 2016\Projects_9.1_32 bits\Dynamic Clustering\DSR\Debug\RouteError.obj
F:\DEC 2016\Projects_9.1_32 bits\Dynamic Clustering\DSR\Debug\RouteReply.obj
F:\DEC 2016\Projects_9.1_32 bits\Dynamic Clustering\DSR\Debug\RouteRequest.obj
F:\DEC 2016\Projects_9.1_32 bits\Dynamic Clustering\DSR\Debug\SendBuffer.obj
F:\DEC 2016\Projects_9.1_32 bits\Dynamic Clustering\DSR\Debug\SourceRoute.obj
F:\DEC 2016\Projects_9.1_32 bits\Dynamic Clustering\DSR\Debug\vc100.idb
F:\DEC 2016\Projects_9.1_32 bits\Dynamic Clustering\DSR\Debug\vc100.pdb
